0 info it worked if it ends with ok
1 verbose cli [ '/usr/bin/nodejs',
1 verbose cli   '/usr/local/bin/npm',
1 verbose cli   'run',
1 verbose cli   'webpack-server' ]
2 info using npm@3.5.2
3 info using node@v4.2.6
4 verbose run-script [ 'prewebpack-server', 'webpack-server', 'postwebpack-server' ]
5 info lifecycle appsupontsheros@1.0.0~prewebpack-server: appsupontsheros@1.0.0
6 silly lifecycle appsupontsheros@1.0.0~prewebpack-server: no script for prewebpack-server, continuing
7 info lifecycle appsupontsheros@1.0.0~webpack-server: appsupontsheros@1.0.0
8 verbose lifecycle appsupontsheros@1.0.0~webpack-server: unsafe-perm in lifecycle true
9 verbose lifecycle appsupontsheros@1.0.0~webpack-server: PATH: /usr/share/npm/bin/node-gyp-bin:/home/nikola/Documents/suponts-heros.github.io/node_modules/.bin:/home/nikola/bin:/home/nikola/.local/bin:/usr/local/sbin:/usr/local/bin:/usr/sbin:/usr/bin:/sbin:/bin:/usr/games:/usr/local/games:/snap/bin
10 verbose lifecycle appsupontsheros@1.0.0~webpack-server: CWD: /home/nikola/Documents/suponts-heros.github.io
11 silly lifecycle appsupontsheros@1.0.0~webpack-server: Args: [ '-c', 'webpack-dev-server' ]
12 silly lifecycle appsupontsheros@1.0.0~webpack-server: Returned: code: 1  signal: null
13 info lifecycle appsupontsheros@1.0.0~webpack-server: Failed to exec webpack-server script
14 verbose stack Error: appsupontsheros@1.0.0 webpack-server: `webpack-dev-server`
14 verbose stack Exit status 1
14 verbose stack     at EventEmitter.<anonymous> (/usr/share/npm/lib/utils/lifecycle.js:232:16)
14 verbose stack     at emitTwo (events.js:87:13)
14 verbose stack     at EventEmitter.emit (events.js:172:7)
14 verbose stack     at ChildProcess.<anonymous> (/usr/share/npm/lib/utils/spawn.js:24:14)
14 verbose stack     at emitTwo (events.js:87:13)
14 verbose stack     at ChildProcess.emit (events.js:172:7)
14 verbose stack     at maybeClose (internal/child_process.js:821:16)
14 verbose stack     at Process.ChildProcess._handle.onexit (internal/child_process.js:211:5)
15 verbose pkgid appsupontsheros@1.0.0
16 verbose cwd /home/nikola/Documents/suponts-heros.github.io
17 error Linux 4.8.0-54-generic
18 error argv "/usr/bin/nodejs" "/usr/local/bin/npm" "run" "webpack-server"
19 error node v4.2.6
20 error npm  v3.5.2
21 error code ELIFECYCLE
22 error appsupontsheros@1.0.0 webpack-server: `webpack-dev-server`
22 error Exit status 1
23 error Failed at the appsupontsheros@1.0.0 webpack-server script 'webpack-dev-server'.
23 error Make sure you have the latest version of node.js and npm installed.
23 error If you do, this is most likely a problem with the appsupontsheros package,
23 error not with npm itself.
23 error Tell the author that this fails on your system:
23 error     webpack-dev-server
23 error You can get information on how to open an issue for this project with:
23 error     npm bugs appsupontsheros
23 error Or if that isn't available, you can get their info via:
23 error     npm owner ls appsupontsheros
23 error There is likely additional logging output above.
24 verbose exit [ 1, true ]
